<?xml version="1.0" encoding="UTF-8"?>
<!-- Generated by org.testng.reporters.JUnitReportReporter -->
<testsuite hostname="Vaibhavs-MacBook-Pro.local" failures="0" tests="9" name="testrunner.MyTestRunner" time="142.604" errors="0" timestamp="2023-02-14T13:57:48 IST" skipped="0">
  <testcase classname="testrunner.MyTestRunner" name="runScenario" time="15.676"/>
  <system-out/>
  <testcase classname="testrunner.MyTestRunner" name="runScenario" time="21.985"/>
  <system-out/>
  <testcase classname="testrunner.MyTestRunner" name="runScenario" time="16.033"/>
  <system-out/>
  <testcase classname="testrunner.MyTestRunner" name="runScenario" time="17.262"/>
  <system-out/>
  <testcase classname="testrunner.MyTestRunner" name="runScenario" time="13.058"/>
  <system-out/>
  <testcase classname="testrunner.MyTestRunner" name="runScenario" time="9.422"/>
  <system-out/>
  <testcase classname="testrunner.MyTestRunner" name="runScenario" time="14.272"/>
  <system-out/>
  <testcase classname="testrunner.MyTestRunner" name="runScenario" time="17.739"/>
  <system-out/>
  <testcase classname="testrunner.MyTestRunner" name="runScenario" time="17.157"/>
  <system-out/>
</testsuite> <!-- testrunner.MyTestRunner -->
